<?xml version="1.0" encoding="UTF-8"?>
<testng-results skipped="0" failed="0" total="2" passed="2">
  <reporter-output>
  </reporter-output>
  <suite name="Default suite" duration-ms="15" started-at="2016-04-06T07:53:09Z" finished-at="2016-04-06T07:53:09Z">
    <groups>
    </groups>
    <test name="Default test" duration-ms="15" started-at="2016-04-06T07:53:09Z" finished-at="2016-04-06T07:53:09Z">
      <class name="GMailTest">
        <test-method status="PASS" signature="initDriver()[pri:0, instance:GMailTest@41aac3f8]" name="initDriver" is-config="true" duration-ms="16" started-at="2016-04-06T13:23:09Z" finished-at="2016-04-06T13:23:09Z">
          <reporter-output>
          </reporter-output>
        </test-method> <!-- initDriver -->
        <test-method status="PASS" signature="deletecoockies()[pri:0, instance:GMailTest@41aac3f8]" name="deletecoockies" is-config="true" duration-ms="0" started-at="2016-04-06T13:23:09Z" finished-at="2016-04-06T13:23:09Z">
          <reporter-output>
          </reporter-output>
        </test-method> <!-- deletecoockies -->
        <test-method status="PASS" signature="launchapp()[pri:0, instance:GMailTest@41aac3f8]" name="launchapp" is-config="true" duration-ms="0" started-at="2016-04-06T13:23:09Z" finished-at="2016-04-06T13:23:09Z">
          <reporter-output>
          </reporter-output>
        </test-method> <!-- launchapp -->
        <test-method status="PASS" signature="closeapp()[pri:0, instance:GMailTest@41aac3f8]" name="closeapp" is-config="true" duration-ms="0" started-at="2016-04-06T13:23:09Z" finished-at="2016-04-06T13:23:09Z">
          <reporter-output>
          </reporter-output>
        </test-method> <!-- closeapp -->
        <test-method status="PASS" signature="login()[pri:0, instance:GMailTest@41aac3f8]" name="login" is-config="true" duration-ms="0" started-at="2016-04-06T13:23:09Z" finished-at="2016-04-06T13:23:09Z">
          <reporter-output>
          </reporter-output>
        </test-method> <!-- login -->
        <test-method status="PASS" signature="logout()[pri:0, instance:GMailTest@41aac3f8]" name="logout" is-config="true" duration-ms="0" started-at="2016-04-06T13:23:09Z" finished-at="2016-04-06T13:23:09Z">
          <reporter-output>
          </reporter-output>
        </test-method> <!-- logout -->
        <test-method status="PASS" signature="logout()[pri:0, instance:GMailTest@41aac3f8]" name="logout" is-config="true" duration-ms="0" started-at="2016-04-06T13:23:09Z" finished-at="2016-04-06T13:23:09Z">
          <reporter-output>
          </reporter-output>
        </test-method> <!-- logout -->
        <test-method status="PASS" signature="sendmail()[pri:0, instance:GMailTest@41aac3f8]" name="sendmail" duration-ms="0" started-at="2016-04-06T13:23:09Z" finished-at="2016-04-06T13:23:09Z">
          <reporter-output>
          </reporter-output>
        </test-method> <!-- sendmail -->
        <test-method status="PASS" signature="closebrowser()[pri:0, instance:GMailTest@41aac3f8]" name="closebrowser" is-config="true" duration-ms="0" started-at="2016-04-06T13:23:09Z" finished-at="2016-04-06T13:23:09Z">
          <reporter-output>
          </reporter-output>
        </test-method> <!-- closebrowser -->
        <test-method status="PASS" signature="login()[pri:0, instance:GMailTest@41aac3f8]" name="login" is-config="true" duration-ms="0" started-at="2016-04-06T13:23:09Z" finished-at="2016-04-06T13:23:09Z">
          <reporter-output>
          </reporter-output>
        </test-method> <!-- login -->
        <test-method status="PASS" signature="receivemail()[pri:1, instance:GMailTest@41aac3f8]" name="receivemail" duration-ms="0" started-at="2016-04-06T13:23:09Z" finished-at="2016-04-06T13:23:09Z">
          <reporter-output>
          </reporter-output>
        </test-method> <!-- receivemail -->
        <test-method status="PASS" signature="KillDriver()[pri:0, instance:GMailTest@41aac3f8]" name="KillDriver" is-config="true" duration-ms="0" started-at="2016-04-06T13:23:09Z" finished-at="2016-04-06T13:23:09Z">
          <reporter-output>
          </reporter-output>
        </test-method> <!-- KillDriver -->
      </class> <!-- GMailTest -->
    </test> <!-- Default test -->
  </suite> <!-- Default suite -->
</testng-results>
